<?xml version="1.0" encoding="UTF-8"?>
<!-- Generated by org.testng.reporters.JUnitReportReporter -->
<testsuite skipped="0" hostname="DESKTOP-RGPH0JP" name="test.OpenBrowserTest" tests="1" failures="0" timestamp="06 Mar 2021 05:46:03 GMT" time="8.236" errors="0">
  <testcase name="validUserShouldBeAbleToGoToTheBrowser" time="8.236" classname="test.OpenBrowserTest"/>
</testsuite> <!-- test.OpenBrowserTest -->
